STATIC=NO
checking for gcc... gcc
checking whether the C compiler works... yes
checking for C compiler default output file name... a.out
checking for suffix of executables... 
checking whether we are cross compiling... no
checking for suffix of object files... o
checking whether we are using the GNU C compiler... yes
checking whether gcc accepts -g... yes
checking for gcc option to accept ISO C89... none needed
configure: creating ./config.status
config.status: creating makefile
=== configuring in lua/src (/tmp/build-hae3hcoMkG/lua-5.1.4.9/lua/src)
configure: running /bin/sh ./configure --disable-option-checking '--prefix=/opt/software/Lua/5.1.4.9'  --cache-file=/dev/null --srcdir=.
checking for gcc... gcc
checking whether the C compiler works... yes
checking for C compiler default output file name... a.out
checking for suffix of executables... 
checking whether we are cross compiling... no
checking for suffix of object files... o
checking whether we are using the GNU C compiler... yes
checking whether gcc accepts -g... yes
checking for gcc option to accept ISO C89... none needed
checking how to run the C preprocessor... gcc -E
checking for grep that handles long lines and -e... /usr/bin/grep
checking for egrep... /usr/bin/grep -E
checking for ANSI C header files... yes
checking for sys/types.h... yes
checking for sys/stat.h... yes
checking for stdlib.h... yes
checking for string.h... yes
checking for memory.h... yes
checking for strings.h... yes
checking for inttypes.h... yes
checking for stdint.h... yes
checking for unistd.h... yes
checking readline/readline.h usability... no
checking readline/readline.h presence... no
checking for readline/readline.h... no
checking for cbreak in -lncurses... no
checking for tputs in -ltinfo... no
checking for rl_insert in -lreadline... no
checking for history_get in -lhistory... no
configure: creating ./config.status
config.status: creating Makefile
config.status: creating config.h
config.status: executing default commands
